<?xml version="1.0" encoding="UTF-8"?>
<testng-results total="4" passed="4" failed="0" skipped="0">
  <reporter-output>
  </reporter-output>
  <suite started-at="2024-10-24T06:41:02Z" name="Test Suite for Buildout" finished-at="2024-10-24T06:42:04Z" duration-ms="61933">
    <groups>
    </groups>
    <test started-at="2024-10-24T06:41:02Z" name="Test Cases for Buildout" finished-at="2024-10-24T06:42:04Z" duration-ms="61933">
      <class name="demo.TestCases">
        <test-method is-config="true" signature="startBrowser()[pri:0, instance:demo.TestCases@4f1bfe23]" started-at="2024-10-24T12:11:02Z" name="startBrowser" finished-at="2024-10-24T12:11:04Z" duration-ms="1662" status="PASS">
          <reporter-output>
          </reporter-output>
        </test-method> <!-- startBrowser -->
        <test-method signature="testCase01()[pri:0, instance:demo.TestCases@4f1bfe23]" started-at="2024-10-24T12:11:04Z" name="testCase01" finished-at="2024-10-24T12:11:08Z" duration-ms="4609" status="PASS">
          <reporter-output>
          </reporter-output>
        </test-method> <!-- testCase01 -->
        <test-method signature="testCase02()[pri:0, instance:demo.TestCases@4f1bfe23]" started-at="2024-10-24T12:11:08Z" name="testCase02" finished-at="2024-10-24T12:11:23Z" duration-ms="14574" status="PASS">
          <reporter-output>
          </reporter-output>
        </test-method> <!-- testCase02 -->
        <test-method signature="testCase03()[pri:0, instance:demo.TestCases@4f1bfe23]" started-at="2024-10-24T12:11:23Z" name="testCase03" finished-at="2024-10-24T12:11:44Z" duration-ms="20585" status="PASS">
          <reporter-output>
          </reporter-output>
        </test-method> <!-- testCase03 -->
        <test-method signature="testCase04()[pri:0, instance:demo.TestCases@4f1bfe23]" started-at="2024-10-24T12:11:44Z" name="testCase04" finished-at="2024-10-24T12:12:04Z" duration-ms="20095" status="PASS">
          <reporter-output>
          </reporter-output>
        </test-method> <!-- testCase04 -->
        <test-method is-config="true" signature="endTest()[pri:0, instance:demo.TestCases@4f1bfe23]" started-at="2024-10-24T12:12:04Z" name="endTest" finished-at="2024-10-24T12:12:04Z" duration-ms="398" status="PASS">
          <reporter-output>
          </reporter-output>
        </test-method> <!-- endTest -->
      </class> <!-- demo.TestCases -->
    </test> <!-- Test Cases for Buildout -->
  </suite> <!-- Test Suite for Buildout -->
</testng-results>
